<?xml version="1.0" encoding="UTF-8"?>
<!-- Generated by org.testng.reporters.JUnitXMLReporter -->
<testsuite hostname="Omaids-MBP.fios-router.home" ignored="0" name="Default test" tests="10" failures="0" timestamp="2020-05-09T17:12:40 EDT" time="53.354" errors="0">
  <testcase name="mortgageCalculator" time="1.946" classname="com.mortgage.dataDriven.testng.DataProviderTestNG"/>
  <testcase name="mortgageCalculator" time="2.031" classname="com.mortgage.dataDriven.testng.DataProviderTestNG"/>
  <testcase name="mortgageCalculator" time="2.055" classname="com.mortgage.dataDriven.testng.DataProviderTestNG"/>
  <testcase name="mortgageCalculator" time="2.587" classname="com.mortgage.dataDriven.testng.DataProviderTestNG"/>
  <testcase name="mortgageCalculator" time="2.136" classname="com.mortgage.dataDriven.testng.DataProviderTestNG"/>
  <testcase name="mortgageCalculator" time="2.607" classname="com.mortgage.dataDriven.testng.DataProviderTestNG"/>
  <testcase name="mortgageCalculator" time="2.049" classname="com.mortgage.dataDriven.testng.DataProviderTestNG"/>
  <testcase name="mortgageCalculator" time="2.831" classname="com.mortgage.dataDriven.testng.DataProviderTestNG"/>
  <testcase name="mortgageCalculator" time="2.736" classname="com.mortgage.dataDriven.testng.DataProviderTestNG"/>
  <testcase name="mortgageCalculator" time="2.579" classname="com.mortgage.dataDriven.testng.DataProviderTestNG"/>
</testsuite> <!-- Default test -->
